<?xml version="1.0" encoding="UTF-8"?>
<testsuite xmlns:xsi="http://www.w3.org/2001/XMLSchema-instance" xsi:noNamespaceSchemaLocation="https://maven.apache.org/surefire/maven-surefire-plugin/xsd/surefire-test-report.xsd" name="com.padingpading.interview.InterviewApplicationTests" time="2.258" tests="1" errors="0" skipped="0" failures="0">
  <properties>
    <property name="sun.desktop" value="windows"/>
    <property name="awt.toolkit" value="sun.awt.windows.WToolkit"/>
    <property name="file.encoding.pkg" value="sun.io"/>
    <property name="java.specification.version" value="1.8"/>
    <property name="sun.cpu.isalist" value="amd64"/>
    <property name="sun.jnu.encoding" value="GBK"/>
    <property name="java.class.path" value="E:\学习\Interviews\base\target\test-classes;E:\学习\Interviews\base\target\classes;D:\maven\apache-maven-3.6.0\Repository\org\springframework\boot\spring-boot-starter-web\2.5.3\spring-boot-starter-web-2.5.3.jar;D:\maven\apache-maven-3.6.0\Repository\org\springframework\boot\spring-boot-starter\2.5.3\spring-boot-starter-2.5.3.jar;D:\maven\apache-maven-3.6.0\Repository\org\springframework\boot\spring-boot-starter-logging\2.5.3\spring-boot-starter-logging-2.5.3.jar;D:\maven\apache-maven-3.6.0\Repository\ch\qos\logback\logback-classic\1.2.4\logback-classic-1.2.4.jar;D:\maven\apache-maven-3.6.0\Repository\ch\qos\logback\logback-core\1.2.4\logback-core-1.2.4.jar;D:\maven\apache-maven-3.6.0\Repository\org\apache\logging\log4j\log4j-to-slf4j\2.14.1\log4j-to-slf4j-2.14.1.jar;D:\maven\apache-maven-3.6.0\Repository\org\apache\logging\log4j\log4j-api\2.14.1\log4j-api-2.14.1.jar;D:\maven\apache-maven-3.6.0\Repository\org\slf4j\jul-to-slf4j\1.7.32\jul-to-slf4j-1.7.32.jar;D:\maven\apache-maven-3.6.0\Repository\jakarta\annotation\jakarta.annotation-api\1.3.5\jakarta.annotation-api-1.3.5.jar;D:\maven\apache-maven-3.6.0\Repository\org\yaml\snakeyaml\1.28\snakeyaml-1.28.jar;D:\maven\apache-maven-3.6.0\Repository\org\springframework\boot\spring-boot-starter-json\2.5.3\spring-boot-starter-json-2.5.3.jar;D:\maven\apache-maven-3.6.0\Repository\com\fasterxml\jackson\core\jackson-databind\2.12.4\jackson-databind-2.12.4.jar;D:\maven\apache-maven-3.6.0\Repository\com\fasterxml\jackson\core\jackson-annotations\2.12.4\jackson-annotations-2.12.4.jar;D:\maven\apache-maven-3.6.0\Repository\com\fasterxml\jackson\core\jackson-core\2.12.4\jackson-core-2.12.4.jar;D:\maven\apache-maven-3.6.0\Repository\com\fasterxml\jackson\datatype\jackson-datatype-jdk8\2.12.4\jackson-datatype-jdk8-2.12.4.jar;D:\maven\apache-maven-3.6.0\Repository\com\fasterxml\jackson\datatype\jackson-datatype-jsr310\2.12.4\jackson-datatype-jsr310-2.12.4.jar;D:\maven\apache-maven-3.6.0\Repository\com\fasterxml\jackson\module\jackson-module-parameter-names\2.12.4\jackson-module-parameter-names-2.12.4.jar;D:\maven\apache-maven-3.6.0\Repository\org\springframework\boot\spring-boot-starter-tomcat\2.5.3\spring-boot-starter-tomcat-2.5.3.jar;D:\maven\apache-maven-3.6.0\Repository\org\apache\tomcat\embed\tomcat-embed-core\9.0.50\tomcat-embed-core-9.0.50.jar;D:\maven\apache-maven-3.6.0\Repository\org\apache\tomcat\embed\tomcat-embed-el\9.0.50\tomcat-embed-el-9.0.50.jar;D:\maven\apache-maven-3.6.0\Repository\org\apache\tomcat\embed\tomcat-embed-websocket\9.0.50\tomcat-embed-websocket-9.0.50.jar;D:\maven\apache-maven-3.6.0\Repository\org\springframework\spring-web\5.3.9\spring-web-5.3.9.jar;D:\maven\apache-maven-3.6.0\Repository\org\springframework\spring-beans\5.3.9\spring-beans-5.3.9.jar;D:\maven\apache-maven-3.6.0\Repository\org\springframework\spring-webmvc\5.3.9\spring-webmvc-5.3.9.jar;D:\maven\apache-maven-3.6.0\Repository\org\springframework\spring-aop\5.3.9\spring-aop-5.3.9.jar;D:\maven\apache-maven-3.6.0\Repository\org\springframework\spring-context\5.3.9\spring-context-5.3.9.jar;D:\maven\apache-maven-3.6.0\Repository\org\springframework\spring-expression\5.3.9\spring-expression-5.3.9.jar;D:\maven\apache-maven-3.6.0\Repository\org\springframework\boot\spring-boot-devtools\2.5.3\spring-boot-devtools-2.5.3.jar;D:\maven\apache-maven-3.6.0\Repository\org\springframework\boot\spring-boot\2.5.3\spring-boot-2.5.3.jar;D:\maven\apache-maven-3.6.0\Repository\org\springframework\boot\spring-boot-autoconfigure\2.5.3\spring-boot-autoconfigure-2.5.3.jar;D:\maven\apache-maven-3.6.0\Repository\org\projectlombok\lombok\1.18.20\lombok-1.18.20.jar;D:\maven\apache-maven-3.6.0\Repository\org\springframework\boot\spring-boot-starter-test\2.5.3\spring-boot-starter-test-2.5.3.jar;D:\maven\apache-maven-3.6.0\Repository\org\springframework\boot\spring-boot-test\2.5.3\spring-boot-test-2.5.3.jar;D:\maven\apache-maven-3.6.0\Repository\org\springframework\boot\spring-boot-test-autoconfigure\2.5.3\spring-boot-test-autoconfigure-2.5.3.jar;D:\maven\apache-maven-3.6.0\Repository\com\jayway\jsonpath\json-path\2.5.0\json-path-2.5.0.jar;D:\maven\apache-maven-3.6.0\Repository\net\minidev\json-smart\2.4.7\json-smart-2.4.7.jar;D:\maven\apache-maven-3.6.0\Repository\net\minidev\accessors-smart\2.4.7\accessors-smart-2.4.7.jar;D:\maven\apache-maven-3.6.0\Repository\org\ow2\asm\asm\9.1\asm-9.1.jar;D:\maven\apache-maven-3.6.0\Repository\org\slf4j\slf4j-api\1.7.32\slf4j-api-1.7.32.jar;D:\maven\apache-maven-3.6.0\Repository\jakarta\xml\bind\jakarta.xml.bind-api\2.3.3\jakarta.xml.bind-api-2.3.3.jar;D:\maven\apache-maven-3.6.0\Repository\jakarta\activation\jakarta.activation-api\1.2.2\jakarta.activation-api-1.2.2.jar;D:\maven\apache-maven-3.6.0\Repository\org\assertj\assertj-core\3.19.0\assertj-core-3.19.0.jar;D:\maven\apache-maven-3.6.0\Repository\org\hamcrest\hamcrest\2.2\hamcrest-2.2.jar;D:\maven\apache-maven-3.6.0\Repository\org\junit\jupiter\junit-jupiter\5.7.2\junit-jupiter-5.7.2.jar;D:\maven\apache-maven-3.6.0\Repository\org\junit\jupiter\junit-jupiter-params\5.7.2\junit-jupiter-params-5.7.2.jar;D:\maven\apache-maven-3.6.0\Repository\org\junit\jupiter\junit-jupiter-engine\5.7.2\junit-jupiter-engine-5.7.2.jar;D:\maven\apache-maven-3.6.0\Repository\org\junit\platform\junit-platform-engine\1.7.2\junit-platform-engine-1.7.2.jar;D:\maven\apache-maven-3.6.0\Repository\org\mockito\mockito-core\3.9.0\mockito-core-3.9.0.jar;D:\maven\apache-maven-3.6.0\Repository\net\bytebuddy\byte-buddy\1.10.22\byte-buddy-1.10.22.jar;D:\maven\apache-maven-3.6.0\Repository\net\bytebuddy\byte-buddy-agent\1.10.22\byte-buddy-agent-1.10.22.jar;D:\maven\apache-maven-3.6.0\Repository\org\objenesis\objenesis\3.2\objenesis-3.2.jar;D:\maven\apache-maven-3.6.0\Repository\org\mockito\mockito-junit-jupiter\3.9.0\mockito-junit-jupiter-3.9.0.jar;D:\maven\apache-maven-3.6.0\Repository\org\skyscreamer\jsonassert\1.5.0\jsonassert-1.5.0.jar;D:\maven\apache-maven-3.6.0\Repository\com\vaadin\external\google\android-json\0.0.20131108.vaadin1\android-json-0.0.20131108.vaadin1.jar;D:\maven\apache-maven-3.6.0\Repository\org\springframework\spring-core\5.3.9\spring-core-5.3.9.jar;D:\maven\apache-maven-3.6.0\Repository\org\springframework\spring-jcl\5.3.9\spring-jcl-5.3.9.jar;D:\maven\apache-maven-3.6.0\Repository\org\springframework\spring-test\5.3.9\spring-test-5.3.9.jar;D:\maven\apache-maven-3.6.0\Repository\org\xmlunit\xmlunit-core\2.8.2\xmlunit-core-2.8.2.jar;D:\maven\apache-maven-3.6.0\Repository\org\testcontainers\junit-jupiter\1.15.3\junit-jupiter-1.15.3.jar;D:\maven\apache-maven-3.6.0\Repository\org\testcontainers\testcontainers\1.15.3\testcontainers-1.15.3.jar;D:\maven\apache-maven-3.6.0\Repository\junit\junit\4.13.2\junit-4.13.2.jar;D:\maven\apache-maven-3.6.0\Repository\org\hamcrest\hamcrest-core\2.2\hamcrest-core-2.2.jar;D:\maven\apache-maven-3.6.0\Repository\org\apache\commons\commons-compress\1.20\commons-compress-1.20.jar;D:\maven\apache-maven-3.6.0\Repository\org\rnorth\duct-tape\duct-tape\1.0.8\duct-tape-1.0.8.jar;D:\maven\apache-maven-3.6.0\Repository\org\rnorth\visible-assertions\visible-assertions\2.1.2\visible-assertions-2.1.2.jar;D:\maven\apache-maven-3.6.0\Repository\net\java\dev\jna\jna\5.2.0\jna-5.2.0.jar;D:\maven\apache-maven-3.6.0\Repository\com\github\docker-java\docker-java-api\3.2.8\docker-java-api-3.2.8.jar;D:\maven\apache-maven-3.6.0\Repository\com\github\docker-java\docker-java-transport-zerodep\3.2.8\docker-java-transport-zerodep-3.2.8.jar;D:\maven\apache-maven-3.6.0\Repository\com\github\docker-java\docker-java-transport\3.2.8\docker-java-transport-3.2.8.jar;D:\maven\apache-maven-3.6.0\Repository\org\junit\jupiter\junit-jupiter-api\5.7.2\junit-jupiter-api-5.7.2.jar;D:\maven\apache-maven-3.6.0\Repository\org\apiguardian\apiguardian-api\1.1.0\apiguardian-api-1.1.0.jar;D:\maven\apache-maven-3.6.0\Repository\org\opentest4j\opentest4j\1.2.0\opentest4j-1.2.0.jar;D:\maven\apache-maven-3.6.0\Repository\org\junit\platform\junit-platform-commons\1.7.2\junit-platform-commons-1.7.2.jar;D:\maven\apache-maven-3.6.0\Repository\com\google\guava\guava\18.0\guava-18.0.jar;"/>
    <property name="java.vm.vendor" value="Oracle Corporation"/>
    <property name="sun.arch.data.model" value="64"/>
    <property name="user.variant" value=""/>
    <property name="java.vendor.url" value="http://java.oracle.com/"/>
    <property name="user.timezone" value="Asia/Shanghai"/>
    <property name="java.vm.specification.version" value="1.8"/>
    <property name="os.name" value="Windows 10"/>
    <property name="user.country" value="CN"/>
    <property name="sun.java.launcher" value="SUN_STANDARD"/>
    <property name="sun.boot.library.path" value="D:\Java\jdk1.8.0_101\jre\bin"/>
    <property name="sun.java.command" value="C:\Users\PADING~1\AppData\Local\Temp\surefire7502208575485614316\surefirebooter4014152442723506491.jar C:\Users\Padingpading\AppData\Local\Temp\surefire7502208575485614316 2022-04-29T15-42-35_107-jvmRun1 surefire3130734679365492982tmp surefire_02547071017226920292tmp"/>
    <property name="surefire.test.class.path" value="E:\学习\Interviews\base\target\test-classes;E:\学习\Interviews\base\target\classes;D:\maven\apache-maven-3.6.0\Repository\org\springframework\boot\spring-boot-starter-web\2.5.3\spring-boot-starter-web-2.5.3.jar;D:\maven\apache-maven-3.6.0\Repository\org\springframework\boot\spring-boot-starter\2.5.3\spring-boot-starter-2.5.3.jar;D:\maven\apache-maven-3.6.0\Repository\org\springframework\boot\spring-boot-starter-logging\2.5.3\spring-boot-starter-logging-2.5.3.jar;D:\maven\apache-maven-3.6.0\Repository\ch\qos\logback\logback-classic\1.2.4\logback-classic-1.2.4.jar;D:\maven\apache-maven-3.6.0\Repository\ch\qos\logback\logback-core\1.2.4\logback-core-1.2.4.jar;D:\maven\apache-maven-3.6.0\Repository\org\apache\logging\log4j\log4j-to-slf4j\2.14.1\log4j-to-slf4j-2.14.1.jar;D:\maven\apache-maven-3.6.0\Repository\org\apache\logging\log4j\log4j-api\2.14.1\log4j-api-2.14.1.jar;D:\maven\apache-maven-3.6.0\Repository\org\slf4j\jul-to-slf4j\1.7.32\jul-to-slf4j-1.7.32.jar;D:\maven\apache-maven-3.6.0\Repository\jakarta\annotation\jakarta.annotation-api\1.3.5\jakarta.annotation-api-1.3.5.jar;D:\maven\apache-maven-3.6.0\Repository\org\yaml\snakeyaml\1.28\snakeyaml-1.28.jar;D:\maven\apache-maven-3.6.0\Repository\org\springframework\boot\spring-boot-starter-json\2.5.3\spring-boot-starter-json-2.5.3.jar;D:\maven\apache-maven-3.6.0\Repository\com\fasterxml\jackson\core\jackson-databind\2.12.4\jackson-databind-2.12.4.jar;D:\maven\apache-maven-3.6.0\Repository\com\fasterxml\jackson\core\jackson-annotations\2.12.4\jackson-annotations-2.12.4.jar;D:\maven\apache-maven-3.6.0\Repository\com\fasterxml\jackson\core\jackson-core\2.12.4\jackson-core-2.12.4.jar;D:\maven\apache-maven-3.6.0\Repository\com\fasterxml\jackson\datatype\jackson-datatype-jdk8\2.12.4\jackson-datatype-jdk8-2.12.4.jar;D:\maven\apache-maven-3.6.0\Repository\com\fasterxml\jackson\datatype\jackson-datatype-jsr310\2.12.4\jackson-datatype-jsr310-2.12.4.jar;D:\maven\apache-maven-3.6.0\Repository\com\fasterxml\jackson\module\jackson-module-parameter-names\2.12.4\jackson-module-parameter-names-2.12.4.jar;D:\maven\apache-maven-3.6.0\Repository\org\springframework\boot\spring-boot-starter-tomcat\2.5.3\spring-boot-starter-tomcat-2.5.3.jar;D:\maven\apache-maven-3.6.0\Repository\org\apache\tomcat\embed\tomcat-embed-core\9.0.50\tomcat-embed-core-9.0.50.jar;D:\maven\apache-maven-3.6.0\Repository\org\apache\tomcat\embed\tomcat-embed-el\9.0.50\tomcat-embed-el-9.0.50.jar;D:\maven\apache-maven-3.6.0\Repository\org\apache\tomcat\embed\tomcat-embed-websocket\9.0.50\tomcat-embed-websocket-9.0.50.jar;D:\maven\apache-maven-3.6.0\Repository\org\springframework\spring-web\5.3.9\spring-web-5.3.9.jar;D:\maven\apache-maven-3.6.0\Repository\org\springframework\spring-beans\5.3.9\spring-beans-5.3.9.jar;D:\maven\apache-maven-3.6.0\Repository\org\springframework\spring-webmvc\5.3.9\spring-webmvc-5.3.9.jar;D:\maven\apache-maven-3.6.0\Repository\org\springframework\spring-aop\5.3.9\spring-aop-5.3.9.jar;D:\maven\apache-maven-3.6.0\Repository\org\springframework\spring-context\5.3.9\spring-context-5.3.9.jar;D:\maven\apache-maven-3.6.0\Repository\org\springframework\spring-expression\5.3.9\spring-expression-5.3.9.jar;D:\maven\apache-maven-3.6.0\Repository\org\springframework\boot\spring-boot-devtools\2.5.3\spring-boot-devtools-2.5.3.jar;D:\maven\apache-maven-3.6.0\Repository\org\springframework\boot\spring-boot\2.5.3\spring-boot-2.5.3.jar;D:\maven\apache-maven-3.6.0\Repository\org\springframework\boot\spring-boot-autoconfigure\2.5.3\spring-boot-autoconfigure-2.5.3.jar;D:\maven\apache-maven-3.6.0\Repository\org\projectlombok\lombok\1.18.20\lombok-1.18.20.jar;D:\maven\apache-maven-3.6.0\Repository\org\springframework\boot\spring-boot-starter-test\2.5.3\spring-boot-starter-test-2.5.3.jar;D:\maven\apache-maven-3.6.0\Repository\org\springframework\boot\spring-boot-test\2.5.3\spring-boot-test-2.5.3.jar;D:\maven\apache-maven-3.6.0\Repository\org\springframework\boot\spring-boot-test-autoconfigure\2.5.3\spring-boot-test-autoconfigure-2.5.3.jar;D:\maven\apache-maven-3.6.0\Repository\com\jayway\jsonpath\json-path\2.5.0\json-path-2.5.0.jar;D:\maven\apache-maven-3.6.0\Repository\net\minidev\json-smart\2.4.7\json-smart-2.4.7.jar;D:\maven\apache-maven-3.6.0\Repository\net\minidev\accessors-smart\2.4.7\accessors-smart-2.4.7.jar;D:\maven\apache-maven-3.6.0\Repository\org\ow2\asm\asm\9.1\asm-9.1.jar;D:\maven\apache-maven-3.6.0\Repository\org\slf4j\slf4j-api\1.7.32\slf4j-api-1.7.32.jar;D:\maven\apache-maven-3.6.0\Repository\jakarta\xml\bind\jakarta.xml.bind-api\2.3.3\jakarta.xml.bind-api-2.3.3.jar;D:\maven\apache-maven-3.6.0\Repository\jakarta\activation\jakarta.activation-api\1.2.2\jakarta.activation-api-1.2.2.jar;D:\maven\apache-maven-3.6.0\Repository\org\assertj\assertj-core\3.19.0\assertj-core-3.19.0.jar;D:\maven\apache-maven-3.6.0\Repository\org\hamcrest\hamcrest\2.2\hamcrest-2.2.jar;D:\maven\apache-maven-3.6.0\Repository\org\junit\jupiter\junit-jupiter\5.7.2\junit-jupiter-5.7.2.jar;D:\maven\apache-maven-3.6.0\Repository\org\junit\jupiter\junit-jupiter-params\5.7.2\junit-jupiter-params-5.7.2.jar;D:\maven\apache-maven-3.6.0\Repository\org\junit\jupiter\junit-jupiter-engine\5.7.2\junit-jupiter-engine-5.7.2.jar;D:\maven\apache-maven-3.6.0\Repository\org\junit\platform\junit-platform-engine\1.7.2\junit-platform-engine-1.7.2.jar;D:\maven\apache-maven-3.6.0\Repository\org\mockito\mockito-core\3.9.0\mockito-core-3.9.0.jar;D:\maven\apache-maven-3.6.0\Repository\net\bytebuddy\byte-buddy\1.10.22\byte-buddy-1.10.22.jar;D:\maven\apache-maven-3.6.0\Repository\net\bytebuddy\byte-buddy-agent\1.10.22\byte-buddy-agent-1.10.22.jar;D:\maven\apache-maven-3.6.0\Repository\org\objenesis\objenesis\3.2\objenesis-3.2.jar;D:\maven\apache-maven-3.6.0\Repository\org\mockito\mockito-junit-jupiter\3.9.0\mockito-junit-jupiter-3.9.0.jar;D:\maven\apache-maven-3.6.0\Repository\org\skyscreamer\jsonassert\1.5.0\jsonassert-1.5.0.jar;D:\maven\apache-maven-3.6.0\Repository\com\vaadin\external\google\android-json\0.0.20131108.vaadin1\android-json-0.0.20131108.vaadin1.jar;D:\maven\apache-maven-3.6.0\Repository\org\springframework\spring-core\5.3.9\spring-core-5.3.9.jar;D:\maven\apache-maven-3.6.0\Repository\org\springframework\spring-jcl\5.3.9\spring-jcl-5.3.9.jar;D:\maven\apache-maven-3.6.0\Repository\org\springframework\spring-test\5.3.9\spring-test-5.3.9.jar;D:\maven\apache-maven-3.6.0\Repository\org\xmlunit\xmlunit-core\2.8.2\xmlunit-core-2.8.2.jar;D:\maven\apache-maven-3.6.0\Repository\org\testcontainers\junit-jupiter\1.15.3\junit-jupiter-1.15.3.jar;D:\maven\apache-maven-3.6.0\Repository\org\testcontainers\testcontainers\1.15.3\testcontainers-1.15.3.jar;D:\maven\apache-maven-3.6.0\Repository\junit\junit\4.13.2\junit-4.13.2.jar;D:\maven\apache-maven-3.6.0\Repository\org\hamcrest\hamcrest-core\2.2\hamcrest-core-2.2.jar;D:\maven\apache-maven-3.6.0\Repository\org\apache\commons\commons-compress\1.20\commons-compress-1.20.jar;D:\maven\apache-maven-3.6.0\Repository\org\rnorth\duct-tape\duct-tape\1.0.8\duct-tape-1.0.8.jar;D:\maven\apache-maven-3.6.0\Repository\org\rnorth\visible-assertions\visible-assertions\2.1.2\visible-assertions-2.1.2.jar;D:\maven\apache-maven-3.6.0\Repository\net\java\dev\jna\jna\5.2.0\jna-5.2.0.jar;D:\maven\apache-maven-3.6.0\Repository\com\github\docker-java\docker-java-api\3.2.8\docker-java-api-3.2.8.jar;D:\maven\apache-maven-3.6.0\Repository\com\github\docker-java\docker-java-transport-zerodep\3.2.8\docker-java-transport-zerodep-3.2.8.jar;D:\maven\apache-maven-3.6.0\Repository\com\github\docker-java\docker-java-transport\3.2.8\docker-java-transport-3.2.8.jar;D:\maven\apache-maven-3.6.0\Repository\org\junit\jupiter\junit-jupiter-api\5.7.2\junit-jupiter-api-5.7.2.jar;D:\maven\apache-maven-3.6.0\Repository\org\apiguardian\apiguardian-api\1.1.0\apiguardian-api-1.1.0.jar;D:\maven\apache-maven-3.6.0\Repository\org\opentest4j\opentest4j\1.2.0\opentest4j-1.2.0.jar;D:\maven\apache-maven-3.6.0\Repository\org\junit\platform\junit-platform-commons\1.7.2\junit-platform-commons-1.7.2.jar;D:\maven\apache-maven-3.6.0\Repository\com\google\guava\guava\18.0\guava-18.0.jar;"/>
    <property name="sun.cpu.endian" value="little"/>
    <property name="user.home" value="C:\Users\Padingpading"/>
    <property name="user.language" value="zh"/>
    <property name="java.specification.vendor" value="Oracle Corporation"/>
    <property name="java.home" value="D:\Java\jdk1.8.0_101\jre"/>
    <property name="basedir" value="E:\学习\Interviews\base"/>
    <property name="file.separator" value="\"/>
    <property name="line.separator" value="&#10;"/>
    <property name="java.vm.specification.vendor" value="Oracle Corporation"/>
    <property name="java.specification.name" value="Java Platform API Specification"/>
    <property name="java.awt.graphicsenv" value="sun.awt.Win32GraphicsEnvironment"/>
    <property name="surefire.real.class.path" value="C:\Users\PADING~1\AppData\Local\Temp\surefire7502208575485614316\surefirebooter4014152442723506491.jar"/>
    <property name="sun.boot.class.path" value="D:\Java\jdk1.8.0_101\jre\lib\resources.jar;D:\Java\jdk1.8.0_101\jre\lib\rt.jar;D:\Java\jdk1.8.0_101\jre\lib\sunrsasign.jar;D:\Java\jdk1.8.0_101\jre\lib\jsse.jar;D:\Java\jdk1.8.0_101\jre\lib\jce.jar;D:\Java\jdk1.8.0_101\jre\lib\charsets.jar;D:\Java\jdk1.8.0_101\jre\lib\jfr.jar;D:\Java\jdk1.8.0_101\jre\classes"/>
    <property name="user.script" value=""/>
    <property name="sun.management.compiler" value="HotSpot 64-Bit Tiered Compilers"/>
    <property name="java.runtime.version" value="1.8.0_181-b13"/>
    <property name="user.name" value="Padingpading"/>
    <property name="path.separator" value=";"/>
    <property name="os.version" value="10.0"/>
    <property name="java.endorsed.dirs" value="D:\Java\jdk1.8.0_101\jre\lib\endorsed"/>
    <property name="java.runtime.name" value="Java(TM) SE Runtime Environment"/>
    <property name="file.encoding" value="GBK"/>
    <property name="java.vm.name" value="Java HotSpot(TM) 64-Bit Server VM"/>
    <property name="localRepository" value="D:\maven\apache-maven-3.6.0\Repository"/>
    <property name="java.vendor.url.bug" value="http://bugreport.sun.com/bugreport/"/>
    <property name="java.io.tmpdir" value="C:\Users\PADING~1\AppData\Local\Temp\"/>
    <property name="idea.version" value="2021.1.2"/>
    <property name="java.version" value="1.8.0_181"/>
    <property name="user.dir" value="E:\学习\Interviews\base"/>
    <property name="os.arch" value="amd64"/>
    <property name="java.vm.specification.name" value="Java Virtual Machine Specification"/>
    <property name="java.awt.printerjob" value="sun.awt.windows.WPrinterJob"/>
    <property name="sun.os.patch.level" value=""/>
    <property name="java.library.path" value="D:\Java\jdk1.8.0_101\jre\bin;C:\WINDOWS\Sun\Java\bin;C:\WINDOWS\system32;C:\WINDOWS;C:\WINDOWS\system32;C:\WINDOWS;C:\WINDOWS\System32\Wbem;C:\WINDOWS\System32\WindowsPowerShell\v1.0\;C:\WINDOWS\System32\OpenSSH\;D:\Java\jdk1.8.0_101\bin;D:\git\pro\Git\cmd;D:\maven\apache-maven-3.6.0\bin;D:\Java\jdk1.8.0_101\bin;D:\xshell\pro\;D:\xftp\pro\;C:\Users\Padingpading\AppData\Local\Microsoft\WindowsApps;;C:\Users\Padingpading\AppData\Local\Programs\Microsoft VS Code\bin;."/>
    <property name="java.vm.info" value="mixed mode"/>
    <property name="java.vendor" value="Oracle Corporation"/>
    <property name="java.vm.version" value="25.181-b13"/>
    <property name="java.ext.dirs" value="D:\Java\jdk1.8.0_101\jre\lib\ext;C:\WINDOWS\Sun\Java\lib\ext"/>
    <property name="sun.io.unicode.encoding" value="UnicodeLittle"/>
    <property name="maven.repo.local" value="D:\maven\apache-maven-3.6.0\Repository"/>
    <property name="java.class.version" value="52.0"/>
  </properties>
  <testcase name="contextLoads" classname="com.padingpading.interview.InterviewApplicationTests" time="0.178"/>
</testsuite>